TN:
SF:database\connection.js
FN:17,(anonymous_0)
FN:21,(anonymous_1)
FN:26,testConnection
FN:40,initializeDatabase
FNF:4
FNH:0
FNDA:0,(anonymous_0)
FNDA:0,(anonymous_1)
FNDA:0,testConnection
FNDA:0,initializeDatabase
DA:1,0
DA:2,0
DA:5,0
DA:17,0
DA:18,0
DA:21,0
DA:22,0
DA:27,0
DA:28,0
DA:29,0
DA:30,0
DA:31,0
DA:32,0
DA:34,0
DA:35,0
DA:41,0
DA:42,0
DA:45,0
DA:84,0
DA:85,0
DA:87,0
DA:88,0
DA:90,0
DA:91,0
DA:95,0
LF:25
LH:0
BRF:0
BRH:0
end_of_record
TN:
SF:routes\api.js
FN:34,(anonymous_0)
FN:98,(anonymous_1)
FN:192,(anonymous_2)
FNF:3
FNH:3
FNDA:10,(anonymous_0)
FNDA:4,(anonymous_1)
FNDA:3,(anonymous_2)
DA:1,1
DA:2,1
DA:3,1
DA:4,1
DA:5,1
DA:6,1
DA:8,1
DA:11,1
DA:22,1
DA:32,1
DA:35,10
DA:37,10
DA:40,10
DA:41,10
DA:42,10
DA:44,10
DA:50,10
DA:56,9
DA:66,9
DA:78,10
DA:82,1
DA:83,1
DA:92,1
DA:99,4
DA:101,4
DA:102,4
DA:103,2
DA:109,2
DA:112,2
DA:113,2
DA:114,2
DA:120,2
DA:122,2
DA:124,1
DA:129,1
DA:135,1
DA:138,1
DA:140,0
DA:145,0
DA:152,1
DA:159,1
DA:164,1
DA:176,2
DA:180,0
DA:181,0
DA:190,1
DA:193,3
DA:194,3
DA:195,3
DA:197,3
DA:198,1
DA:205,2
DA:206,2
DA:207,2
DA:213,2
DA:215,2
DA:216,1
DA:222,1
DA:224,1
DA:225,0
DA:232,1
DA:239,1
DA:241,1
DA:252,2
DA:256,0
DA:257,0
DA:265,1
LF:67
LH:60
BRDA:102,0,0,2
BRDA:102,0,1,2
BRDA:122,1,0,1
BRDA:122,1,1,1
BRDA:138,2,0,0
BRDA:138,2,1,1
BRDA:197,3,0,1
BRDA:197,3,1,2
BRDA:215,4,0,1
BRDA:215,4,1,1
BRDA:224,5,0,0
BRDA:224,5,1,1
BRF:12
BRH:10
end_of_record
TN:
SF:utils\emailGenerator.js
FN:5,(anonymous_0)
FN:16,(anonymous_1)
FN:22,(anonymous_2)
FN:32,(anonymous_3)
FN:37,(anonymous_4)
FN:43,(anonymous_5)
FN:52,(anonymous_6)
FN:64,(anonymous_7)
FN:69,(anonymous_8)
FNF:9
FNH:0
FNDA:0,(anonymous_0)
FNDA:0,(anonymous_1)
FNDA:0,(anonymous_2)
FNDA:0,(anonymous_3)
FNDA:0,(anonymous_4)
FNDA:0,(anonymous_5)
FNDA:0,(anonymous_6)
FNDA:0,(anonymous_7)
FNDA:0,(anonymous_8)
DA:1,0
DA:2,0
DA:6,0
DA:7,0
DA:17,0
DA:18,0
DA:23,0
DA:24,0
DA:25,0
DA:26,0
DA:28,0
DA:33,0
DA:38,0
DA:39,0
DA:45,0
DA:46,0
DA:48,0
DA:53,0
DA:54,0
DA:56,0
DA:65,0
DA:70,0
DA:71,0
DA:75,0
LF:24
LH:0
BRDA:48,0,0,0
BRDA:48,0,1,0
BRF:2
BRH:0
end_of_record
